生成启动时间为 2015/1/5 13:02:18。
     1>项目“D:\Program Files (x86)\vs project\NumberEncrypt\NumberEncrypt\NumberEncrypt.vcxproj”在节点 2 上(Build 个目标)。
     1>ClCompile:
         D:\Program Files (x86)\Microsoft Visual Studio 11.0\VC\bin\x86_amd64\CL.exe /c /I"D:\Program Files\MySQL\MySQL Server 5.6\include" /Zi /nologo /W3 /WX- /Od /D WIN32 /D _DEBUG /D _CONSOLE /D _UNICODE /D UNICODE /Gm /EHsc /RTC1 /MDd /GS /fp:precise /Zc:wchar_t /Zc:forScope /Fo"x64\Debug\\" /Fd"x64\Debug\vc110.pdb" /Gd /TP /errorReport:prompt NumberEncrypt.cpp
         NumberEncrypt.cpp
     1>NumberEncrypt.cpp(92): warning C4267: “初始化”: 从“size_t”转换到“int”，可能丢失数据
     1>NumberEncrypt.cpp(127): warning C4244: “=”: 从“double”转换到“int”，可能丢失数据
     1>NumberEncrypt.cpp(146): warning C4996: 'sprintf': This function or variable may be unsafe. Consider using sprintf_s instead. To disable deprecation, use _CRT_SECURE_NO_WARNINGS. See online help for details.
                 D:\Program Files (x86)\Microsoft Visual Studio 11.0\VC\include\stdio.h(357) : 参见“sprintf”的声明
     1>NumberEncrypt.cpp(189): warning C4996: 'sprintf': This function or variable may be unsafe. Consider using sprintf_s instead. To disable deprecation, use _CRT_SECURE_NO_WARNINGS. See online help for details.
                 D:\Program Files (x86)\Microsoft Visual Studio 11.0\VC\include\stdio.h(357) : 参见“sprintf”的声明
     1>NumberEncrypt.cpp(193): warning C4996: 'sprintf': This function or variable may be unsafe. Consider using sprintf_s instead. To disable deprecation, use _CRT_SECURE_NO_WARNINGS. See online help for details.
                 D:\Program Files (x86)\Microsoft Visual Studio 11.0\VC\include\stdio.h(357) : 参见“sprintf”的声明
     1>NumberEncrypt.cpp(228): warning C4244: “初始化”: 从“my_ulonglong”转换到“int”，可能丢失数据
     1>NumberEncrypt.cpp(244): warning C4018: “<”: 有符号/无符号不匹配
     1>NumberEncrypt.cpp(252): warning C4800: “int”: 将值强制为布尔值“true”或“false”(性能警告)
     1>NumberEncrypt.cpp(254): warning C4258: “i”: 忽略 For 循环中的定义；使用封闭范围中的定义
                 NumberEncrypt.cpp(250) : 忽略“i”的定义
                 NumberEncrypt.cpp(244) : 使用“i”的定义
     1>NumberEncrypt.cpp(267): warning C4800: “int”: 将值强制为布尔值“true”或“false”(性能警告)
     1>NumberEncrypt.cpp(284): warning C4800: “int”: 将值强制为布尔值“true”或“false”(性能警告)
     1>NumberEncrypt.cpp(407): warning C4996: 'sprintf': This function or variable may be unsafe. Consider using sprintf_s instead. To disable deprecation, use _CRT_SECURE_NO_WARNINGS. See online help for details.
                 D:\Program Files (x86)\Microsoft Visual Studio 11.0\VC\include\stdio.h(357) : 参见“sprintf”的声明
       Link:
         D:\Program Files (x86)\Microsoft Visual Studio 11.0\VC\bin\x86_amd64\link.exe /ERRORREPORT:PROMPT /OUT:"D:\Program Files (x86)\vs project\NumberEncrypt\x64\Debug\NumberEncrypt.exe" /INCREMENTAL /NOLOGO /LIBPATH:"D:\Program Files\MySQL\MySQL Server 5.6\lib" libmysql.lib kernel32.lib user32.lib gdi32.lib winspool.lib comdlg32.lib advapi32.lib shell32.lib ole32.lib oleaut32.lib uuid.lib odbc32.lib odbccp32.lib /MANIFEST /MANIFESTUAC:"level='asInvoker' uiAccess='false'" /manifest:embed /DEBUG /PDB:"D:\Program Files (x86)\vs project\NumberEncrypt\x64\Debug\NumberEncrypt.pdb" /SUBSYSTEM:CONSOLE /TLBID:1 /DYNAMICBASE /NXCOMPAT /IMPLIB:"D:\Program Files (x86)\vs project\NumberEncrypt\x64\Debug\NumberEncrypt.lib" /MACHINE:X64 x64\Debug\des.obj
         x64\Debug\main.obj
         x64\Debug\NumberEncrypt.obj
         NumberEncrypt.vcxproj -> D:\Program Files (x86)\vs project\NumberEncrypt\x64\Debug\NumberEncrypt.exe
     1>已完成生成项目“D:\Program Files (x86)\vs project\NumberEncrypt\NumberEncrypt\NumberEncrypt.vcxproj”(Build 个目标)的操作。

生成成功。

已用时间 00:00:01.66
